{
"contracts/interfaces/AMB/IAMB.sol":{"l":{},"path":"/home/jim/myworkplace/lemma/lemma_contracts/contracts/interfaces/AMB/IAMB.sol","s":{},"b":{},"f":{},"fnMap":{},"statementMap":{},"branchMap":{}},
"contracts/interfaces/AMB/IMultiTokenMediator.sol":{"l":{},"path":"/home/jim/myworkplace/lemma/lemma_contracts/contracts/interfaces/AMB/IMultiTokenMediator.sol","s":{},"b":{},"f":{},"fnMap":{},"statementMap":{},"branchMap":{}},
"contracts/interfaces/IAmm.sol":{"l":{},"path":"/home/jim/myworkplace/lemma/lemma_contracts/contracts/interfaces/IAmm.sol","s":{},"b":{},"f":{},"fnMap":{},"statementMap":{},"branchMap":{}},
"contracts/interfaces/IClearingHouse.sol":{"l":{},"path":"/home/jim/myworkplace/lemma/lemma_contracts/contracts/interfaces/IClearingHouse.sol","s":{},"b":{},"f":{},"fnMap":{},"statementMap":{},"branchMap":{}},
"contracts/interfaces/IClearingHouseViewer.sol":{"l":{},"path":"/home/jim/myworkplace/lemma/lemma_contracts/contracts/interfaces/IClearingHouseViewer.sol","s":{},"b":{},"f":{},"fnMap":{},"statementMap":{},"branchMap":{}},
"contracts/interfaces/IDEX.sol":{"l":{},"path":"/home/jim/myworkplace/lemma/lemma_contracts/contracts/interfaces/IDEX.sol","s":{},"b":{},"f":{},"fnMap":{},"statementMap":{},"branchMap":{}},
"contracts/interfaces/IERC20WithDecimalsMethod.sol":{"l":{},"path":"/home/jim/myworkplace/lemma/lemma_contracts/contracts/interfaces/IERC20WithDecimalsMethod.sol","s":{},"b":{},"f":{},"fnMap":{},"statementMap":{},"branchMap":{}},
"contracts/interfaces/IERC677Receiver.sol":{"l":{},"path":"/home/jim/myworkplace/lemma/lemma_contracts/contracts/interfaces/IERC677Receiver.sol","s":{},"b":{},"f":{},"fnMap":{},"statementMap":{},"branchMap":{}},
"contracts/interfaces/IPerpetualProtocol.sol":{"l":{},"path":"/home/jim/myworkplace/lemma/lemma_contracts/contracts/interfaces/IPerpetualProtocol.sol","s":{},"b":{},"f":{},"fnMap":{},"statementMap":{},"branchMap":{}},
"contracts/LemmaMainnet.sol":{"l":{"75":0,"76":0,"77":0,"78":0,"79":0,"80":0,"81":0,"82":0,"83":0,"94":0,"105":0,"111":0,"118":0,"119":0,"120":0,"122":0,"130":0,"133":0,"134":0,"136":0,"137":0,"145":0,"146":0,"147":0,"148":0,"149":0,"150":0,"158":0,"159":0,"160":0,"161":0,"162":0,"164":0,"165":0,"173":0,"182":0,"184":0,"185":0,"197":0},"path":"/home/jim/myworkplace/lemma/lemma_contracts/contracts/LemmaMainnet.sol","s":{"1":0,"2":0,"3":0,"4":0,"5":0,"6":0,"7":0,"8":0,"9":0,"10":0,"11":0,"12":0,"13":0,"14":0,"15":0,"16":0,"17":0,"18":0,"19":0,"20":0,"21":0,"22":0,"23":0,"24":0,"25":0,"26":0,"27":0,"28":0,"29":0,"30":0,"31":0,"32":0,"33":0,"34":0,"35":0,"36":0,"37":0,"38":0},"b":{"1":[0,0],"2":[0,0],"3":[0,0],"4":[0,0]},"f":{"1":0,"2":0,"3":0,"4":0,"5":0,"6":0,"7":0,"8":0,"9":0},"fnMap":{"1":{"name":"initialize","line":74,"loc":{"start":{"line":66,"column":4},"end":{"line":84,"column":4}}},"2":{"name":"_msgSender","line":86,"loc":{"start":{"line":86,"column":4},"end":{"line":95,"column":4}}},"3":{"name":"_msgData","line":97,"loc":{"start":{"line":97,"column":4},"end":{"line":106,"column":4}}},"4":{"name":"setGasLimit","line":110,"loc":{"start":{"line":110,"column":4},"end":{"line":112,"column":4}}},"5":{"name":"deposit","line":117,"loc":{"start":{"line":117,"column":4},"end":{"line":138,"column":4}}},"6":{"name":"setWithdrawalInfo","line":144,"loc":{"start":{"line":144,"column":4},"end":{"line":152,"column":4}}},"7":{"name":"withdraw","line":157,"loc":{"start":{"line":157,"column":4},"end":{"line":174,"column":4}}},"8":{"name":"multiTokenTransfer","line":177,"loc":{"start":{"line":177,"column":4},"end":{"line":186,"column":4}}},"9":{"name":"callBridge","line":190,"loc":{"start":{"line":190,"column":4},"end":{"line":202,"column":4}}}},"statementMap":{"1":{"start":{"line":75,"column":8},"end":{"line":75,"column":23}},"2":{"start":{"line":76,"column":8},"end":{"line":76,"column":46}},"3":{"start":{"line":77,"column":8},"end":{"line":77,"column":19}},"4":{"start":{"line":78,"column":8},"end":{"line":78,"column":19}},"5":{"start":{"line":79,"column":8},"end":{"line":79,"column":29}},"6":{"start":{"line":80,"column":8},"end":{"line":80,"column":45}},"7":{"start":{"line":81,"column":8},"end":{"line":81,"column":29}},"8":{"start":{"line":82,"column":8},"end":{"line":82,"column":47}},"9":{"start":{"line":83,"column":8},"end":{"line":83,"column":25}},"10":{"start":{"line":94,"column":8},"end":{"line":94,"column":53}},"11":{"start":{"line":105,"column":8},"end":{"line":105,"column":51}},"12":{"start":{"line":111,"column":8},"end":{"line":111,"column":27}},"13":{"start":{"line":118,"column":8},"end":{"line":118,"column":48}},"14":{"start":{"line":119,"column":8},"end":{"line":119,"column":30}},"15":{"start":{"line":120,"column":8},"end":{"line":120,"column":30}},"16":{"start":{"line":122,"column":8},"end":{"line":122,"column":4308}},"17":{"start":{"line":130,"column":8},"end":{"line":130,"column":63}},"18":{"start":{"line":133,"column":8},"end":{"line":133,"column":68}},"19":{"start":{"line":134,"column":8},"end":{"line":134,"column":4807}},"20":{"start":{"line":136,"column":8},"end":{"line":136,"column":53}},"21":{"start":{"line":137,"column":8},"end":{"line":137,"column":50}},"22":{"start":{"line":145,"column":8},"end":{"line":145,"column":67}},"23":{"start":{"line":146,"column":8},"end":{"line":146,"column":109}},"24":{"start":{"line":147,"column":8},"end":{"line":147,"column":42}},"25":{"start":{"line":148,"column":8},"end":{"line":148,"column":51}},"26":{"start":{"line":149,"column":8},"end":{"line":149,"column":5560}},"27":{"start":{"line":150,"column":12},"end":{"line":150,"column":29}},"28":{"start":{"line":158,"column":8},"end":{"line":158,"column":49}},"29":{"start":{"line":160,"column":8},"end":{"line":160,"column":48}},"30":{"start":{"line":161,"column":8},"end":{"line":161,"column":30}},"31":{"start":{"line":162,"column":8},"end":{"line":162,"column":30}},"32":{"start":{"line":164,"column":8},"end":{"line":164,"column":59}},"33":{"start":{"line":165,"column":8},"end":{"line":165,"column":6289}},"34":{"start":{"line":173,"column":8},"end":{"line":173,"column":48}},"35":{"start":{"line":182,"column":8},"end":{"line":182,"column":60}},"36":{"start":{"line":184,"column":8},"end":{"line":184,"column":63}},"37":{"start":{"line":185,"column":8},"end":{"line":185,"column":74}},"38":{"start":{"line":197,"column":8},"end":{"line":197,"column":7526}}},"branchMap":{"1":{"line":145,"type":"if","locations":[{"start":{"line":145,"column":8},"end":{"line":145,"column":8}},{"start":{"line":145,"column":8},"end":{"line":145,"column":8}}]},"2":{"line":146,"type":"if","locations":[{"start":{"line":146,"column":8},"end":{"line":146,"column":8}},{"start":{"line":146,"column":8},"end":{"line":146,"column":8}}]},"3":{"line":149,"type":"if","locations":[{"start":{"line":149,"column":8},"end":{"line":149,"column":8}},{"start":{"line":149,"column":8},"end":{"line":149,"column":8}}]},"4":{"line":182,"type":"if","locations":[{"start":{"line":182,"column":8},"end":{"line":182,"column":8}},{"start":{"line":182,"column":8},"end":{"line":182,"column":8}}]}}},
"contracts/LemmaxDAI.sol":{"l":{"78":3,"79":3,"80":3,"81":3,"82":3,"83":3,"84":3,"86":3,"97":16,"108":0,"115":3,"121":1,"129":5,"130":4,"131":3,"132":3,"134":3,"135":2,"142":2,"143":2,"146":2,"147":2,"148":1,"153":1,"156":2,"158":2,"160":2,"162":2,"170":2,"172":2,"174":2,"180":2,"187":1,"188":1,"194":1,"196":1,"218":2,"220":1,"221":1,"232":1},"path":"/home/jim/myworkplace/lemma/lemma_contracts/contracts/LemmaxDAI.sol","s":{"1":3,"2":3,"3":3,"4":3,"5":3,"6":3,"7":3,"8":3,"9":16,"10":0,"11":3,"12":1,"13":5,"14":4,"15":3,"16":3,"17":3,"18":2,"19":2,"20":2,"21":2,"22":1,"23":1,"24":2,"25":2,"26":2,"27":2,"28":2,"29":2,"30":2,"31":2,"32":1,"33":1,"34":1,"35":1,"36":2,"37":1,"38":1,"39":1},"b":{"1":[4,1],"2":[3,1],"3":[2,1],"4":[1,1],"5":[1,1]},"f":{"1":3,"2":16,"3":0,"4":3,"5":1,"6":5,"7":2,"8":2,"9":5,"10":2,"11":1},"fnMap":{"1":{"name":"initialize","line":76,"loc":{"start":{"line":67,"column":4},"end":{"line":87,"column":4}}},"2":{"name":"_msgSender","line":89,"loc":{"start":{"line":89,"column":4},"end":{"line":98,"column":4}}},"3":{"name":"_msgData","line":100,"loc":{"start":{"line":100,"column":4},"end":{"line":109,"column":4}}},"4":{"name":"setLemmaMainnet","line":114,"loc":{"start":{"line":114,"column":4},"end":{"line":116,"column":4}}},"5":{"name":"setGasLimit","line":120,"loc":{"start":{"line":120,"column":4},"end":{"line":122,"column":4}}},"6":{"name":"setDepositInfo","line":128,"loc":{"start":{"line":128,"column":4},"end":{"line":137,"column":4}}},"7":{"name":"mint","line":141,"loc":{"start":{"line":141,"column":4},"end":{"line":165,"column":4}}},"8":{"name":"withdraw","line":169,"loc":{"start":{"line":169,"column":4},"end":{"line":197,"column":4}}},"9":{"name":"onTokenTransfer","line":200,"loc":{"start":{"line":200,"column":4},"end":{"line":204,"column":31}}},"10":{"name":"multiTokenTransfer","line":213,"loc":{"start":{"line":213,"column":4},"end":{"line":222,"column":4}}},"11":{"name":"callBridge","line":225,"loc":{"start":{"line":225,"column":4},"end":{"line":237,"column":4}}}},"statementMap":{"1":{"start":{"line":78,"column":8},"end":{"line":78,"column":23}},"2":{"start":{"line":79,"column":8},"end":{"line":79,"column":41}},"3":{"start":{"line":80,"column":8},"end":{"line":80,"column":46}},"4":{"start":{"line":81,"column":8},"end":{"line":81,"column":31}},"5":{"start":{"line":82,"column":8},"end":{"line":82,"column":45}},"6":{"start":{"line":83,"column":8},"end":{"line":83,"column":29}},"7":{"start":{"line":84,"column":8},"end":{"line":84,"column":47}},"8":{"start":{"line":86,"column":8},"end":{"line":86,"column":25}},"9":{"start":{"line":97,"column":8},"end":{"line":97,"column":53}},"10":{"start":{"line":108,"column":8},"end":{"line":108,"column":51}},"11":{"start":{"line":115,"column":8},"end":{"line":115,"column":35}},"12":{"start":{"line":121,"column":8},"end":{"line":121,"column":27}},"13":{"start":{"line":129,"column":8},"end":{"line":129,"column":67}},"14":{"start":{"line":130,"column":8},"end":{"line":130,"column":115}},"15":{"start":{"line":131,"column":8},"end":{"line":131,"column":39}},"16":{"start":{"line":132,"column":8},"end":{"line":132,"column":48}},"17":{"start":{"line":134,"column":8},"end":{"line":134,"column":5155}},"18":{"start":{"line":135,"column":12},"end":{"line":135,"column":25}},"19":{"start":{"line":142,"column":8},"end":{"line":142,"column":46}},"20":{"start":{"line":146,"column":8},"end":{"line":146,"column":22}},"21":{"start":{"line":147,"column":8},"end":{"line":147,"column":5607}},"22":{"start":{"line":148,"column":12},"end":{"line":148,"column":5690}},"23":{"start":{"line":153,"column":12},"end":{"line":153,"column":39}},"24":{"start":{"line":156,"column":8},"end":{"line":156,"column":30}},"25":{"start":{"line":158,"column":8},"end":{"line":158,"column":66}},"26":{"start":{"line":160,"column":8},"end":{"line":160,"column":37}},"27":{"start":{"line":162,"column":8},"end":{"line":162,"column":44}},"28":{"start":{"line":170,"column":8},"end":{"line":170,"column":6508}},"29":{"start":{"line":172,"column":8},"end":{"line":172,"column":35}},"30":{"start":{"line":174,"column":8},"end":{"line":174,"column":6659}},"31":{"start":{"line":180,"column":8},"end":{"line":180,"column":6781}},"32":{"start":{"line":187,"column":8},"end":{"line":187,"column":74}},"33":{"start":{"line":188,"column":8},"end":{"line":188,"column":7048}},"34":{"start":{"line":194,"column":8},"end":{"line":194,"column":56}},"35":{"start":{"line":196,"column":8},"end":{"line":196,"column":68}},"36":{"start":{"line":218,"column":8},"end":{"line":218,"column":60}},"37":{"start":{"line":220,"column":8},"end":{"line":220,"column":63}},"38":{"start":{"line":221,"column":8},"end":{"line":221,"column":74}},"39":{"start":{"line":232,"column":8},"end":{"line":232,"column":8689}}},"branchMap":{"1":{"line":129,"type":"if","locations":[{"start":{"line":129,"column":8},"end":{"line":129,"column":8}},{"start":{"line":129,"column":8},"end":{"line":129,"column":8}}]},"2":{"line":130,"type":"if","locations":[{"start":{"line":130,"column":8},"end":{"line":130,"column":8}},{"start":{"line":130,"column":8},"end":{"line":130,"column":8}}]},"3":{"line":134,"type":"if","locations":[{"start":{"line":134,"column":8},"end":{"line":134,"column":8}},{"start":{"line":134,"column":8},"end":{"line":134,"column":8}}]},"4":{"line":147,"type":"if","locations":[{"start":{"line":147,"column":8},"end":{"line":147,"column":8}},{"start":{"line":147,"column":8},"end":{"line":147,"column":8}}]},"5":{"line":218,"type":"if","locations":[{"start":{"line":218,"column":8},"end":{"line":218,"column":8}},{"start":{"line":218,"column":8},"end":{"line":218,"column":8}}]}}},
"contracts/mocks/MockAMB.sol":{"l":{"19":3,"23":1,"27":1,"31":4,"32":4,"35":4,"36":0,"38":4,"43":0,"47":4,"55":1,"56":1},"path":"/home/jim/myworkplace/lemma/lemma_contracts/contracts/mocks/MockAMB.sol","s":{"1":3,"2":1,"3":1,"4":4,"5":4,"6":0,"7":4,"8":0,"9":4,"10":1,"11":1},"b":{"1":[0,4]},"f":{"1":3,"2":1,"3":1,"4":4,"5":0,"6":4,"7":1},"fnMap":{"1":{"name":"initialize","line":18,"loc":{"start":{"line":18,"column":4},"end":{"line":20,"column":4}}},"2":{"name":"setMainnetContract","line":22,"loc":{"start":{"line":22,"column":4},"end":{"line":24,"column":4}}},"3":{"name":"setXDAIContract","line":26,"loc":{"start":{"line":26,"column":4},"end":{"line":28,"column":4}}},"4":{"name":"messageSender","line":30,"loc":{"start":{"line":30,"column":4},"end":{"line":40,"column":4}}},"5":{"name":"setWithdrawInfo","line":42,"loc":{"start":{"line":42,"column":4},"end":{"line":44,"column":4}}},"6":{"name":"setDepositInfo","line":46,"loc":{"start":{"line":46,"column":4},"end":{"line":48,"column":4}}},"7":{"name":"requireToPassMessage","line":50,"loc":{"start":{"line":50,"column":4},"end":{"line":57,"column":4}}}},"statementMap":{"1":{"start":{"line":19,"column":8},"end":{"line":19,"column":23}},"2":{"start":{"line":23,"column":8},"end":{"line":23,"column":41}},"3":{"start":{"line":27,"column":8},"end":{"line":27,"column":35}},"4":{"start":{"line":31,"column":8},"end":{"line":31,"column":18}},"5":{"start":{"line":35,"column":8},"end":{"line":35,"column":974}},"6":{"start":{"line":36,"column":12},"end":{"line":36,"column":40}},"7":{"start":{"line":38,"column":12},"end":{"line":38,"column":43}},"8":{"start":{"line":43,"column":8},"end":{"line":43,"column":59}},"9":{"start":{"line":47,"column":8},"end":{"line":47,"column":53}},"10":{"start":{"line":55,"column":8},"end":{"line":55,"column":26}},"11":{"start":{"line":56,"column":8},"end":{"line":56,"column":25}}},"branchMap":{"1":{"line":35,"type":"if","locations":[{"start":{"line":35,"column":8},"end":{"line":35,"column":8}},{"start":{"line":35,"column":8},"end":{"line":35,"column":8}}]}}},
"contracts/mocks/MockLemmaPerpetualV2.sol":{"l":{"38":0,"39":0,"62":0,"63":0,"64":0,"65":0,"66":0,"67":0,"68":0,"72":0,"80":0,"83":0,"85":0,"91":0,"108":0,"111":0,"124":0,"126":0,"139":0,"143":0,"151":0,"156":0,"158":0,"160":0,"167":0,"180":0,"193":0,"197":0,"211":0,"226":0,"228":0},"path":"/home/jim/myworkplace/lemma/lemma_contracts/contracts/mocks/MockLemmaPerpetualV2.sol","s":{"1":0,"2":0,"3":0,"4":0,"5":0,"6":0,"7":0,"8":0,"9":0,"10":0,"11":0,"12":0,"13":0,"14":0,"15":0,"16":0,"17":0,"18":0,"19":0,"20":0,"21":0,"22":0,"23":0,"24":0,"25":0,"26":0,"27":0,"28":0,"29":0,"30":0},"b":{"1":[0,0]},"f":{"1":0,"2":0,"3":0,"4":0,"5":0,"6":0,"7":0,"8":0,"9":0,"10":0,"11":0},"fnMap":{"1":{"name":"onlyLemmaToken","line":37,"loc":{"start":{"line":37,"column":4},"end":{"line":40,"column":4}}},"2":{"name":"initialize","line":61,"loc":{"start":{"line":55,"column":4},"end":{"line":69,"column":4}}},"3":{"name":"setLemmaToken","line":71,"loc":{"start":{"line":71,"column":4},"end":{"line":73,"column":4}}},"4":{"name":"open","line":77,"loc":{"start":{"line":77,"column":4},"end":{"line":98,"column":4}}},"5":{"name":"close","line":105,"loc":{"start":{"line":102,"column":4},"end":{"line":161,"column":4}}},"6":{"name":"convertCollteralAmountTo18Decimals","line":163,"loc":{"start":{"line":163,"column":4},"end":{"line":173,"column":4}}},"7":{"name":"convert18DecimalsToCollateralAmount","line":175,"loc":{"start":{"line":175,"column":4},"end":{"line":186,"column":4}}},"8":{"name":"convertUint256ToDecimal","line":188,"loc":{"start":{"line":188,"column":4},"end":{"line":194,"column":4}}},"9":{"name":"getTotalCollateral","line":196,"loc":{"start":{"line":196,"column":4},"end":{"line":207,"column":4}}},"10":{"name":"fees","line":209,"loc":{"start":{"line":209,"column":4},"end":{"line":219,"column":4}}},"11":{"name":"calcFee","line":221,"loc":{"start":{"line":221,"column":4},"end":{"line":229,"column":4}}}},"statementMap":{"1":{"start":{"line":38,"column":8},"end":{"line":38,"column":75}},"2":{"start":{"line":62,"column":8},"end":{"line":62,"column":23}},"3":{"start":{"line":63,"column":8},"end":{"line":63,"column":37}},"4":{"start":{"line":64,"column":8},"end":{"line":64,"column":49}},"5":{"start":{"line":65,"column":8},"end":{"line":65,"column":35}},"6":{"start":{"line":66,"column":8},"end":{"line":66,"column":19}},"7":{"start":{"line":67,"column":8},"end":{"line":67,"column":39}},"8":{"start":{"line":68,"column":8},"end":{"line":68,"column":64}},"9":{"start":{"line":72,"column":8},"end":{"line":72,"column":31}},"10":{"start":{"line":80,"column":8},"end":{"line":80,"column":2897}},"11":{"start":{"line":83,"column":8},"end":{"line":83,"column":55}},"12":{"start":{"line":85,"column":8},"end":{"line":85,"column":63}},"13":{"start":{"line":91,"column":8},"end":{"line":91,"column":3335}},"14":{"start":{"line":108,"column":8},"end":{"line":108,"column":3832}},"15":{"start":{"line":111,"column":8},"end":{"line":111,"column":3888}},"16":{"start":{"line":124,"column":8},"end":{"line":124,"column":55}},"17":{"start":{"line":126,"column":8},"end":{"line":126,"column":63}},"18":{"start":{"line":139,"column":8},"end":{"line":139,"column":4941}},"19":{"start":{"line":143,"column":8},"end":{"line":143,"column":5061}},"20":{"start":{"line":151,"column":8},"end":{"line":151,"column":60}},"21":{"start":{"line":156,"column":8},"end":{"line":156,"column":5507}},"22":{"start":{"line":158,"column":8},"end":{"line":158,"column":59}},"23":{"start":{"line":160,"column":8},"end":{"line":160,"column":40}},"24":{"start":{"line":167,"column":8},"end":{"line":167,"column":5835}},"25":{"start":{"line":180,"column":8},"end":{"line":180,"column":6263}},"26":{"start":{"line":193,"column":8},"end":{"line":193,"column":34}},"27":{"start":{"line":197,"column":8},"end":{"line":197,"column":6689}},"28":{"start":{"line":211,"column":8},"end":{"line":211,"column":7129}},"29":{"start":{"line":226,"column":8},"end":{"line":226,"column":7581}},"30":{"start":{"line":228,"column":8},"end":{"line":228,"column":32}}},"branchMap":{"1":{"line":38,"type":"if","locations":[{"start":{"line":38,"column":8},"end":{"line":38,"column":8}},{"start":{"line":38,"column":8},"end":{"line":38,"column":8}}]}}},
"contracts/upgrade/Initializable.sol":{"l":{"32":0,"37":0,"38":0,"39":0,"40":0,"43":0,"45":0,"46":0,"57":0,"58":0,"59":0,"62":0},"path":"/home/jim/myworkplace/lemma/lemma_contracts/contracts/upgrade/Initializable.sol","s":{"1":0,"2":0,"3":0,"4":0,"5":0,"6":0,"7":0,"8":0,"9":0,"10":0},"b":{"1":[0,0],"2":[0,0],"3":[0,0]},"f":{"1":0,"2":0},"fnMap":{"1":{"name":"initializer","line":31,"loc":{"start":{"line":31,"column":4},"end":{"line":48,"column":4}}},"2":{"name":"isConstructor","line":51,"loc":{"start":{"line":51,"column":4},"end":{"line":63,"column":4}}}},"statementMap":{"1":{"start":{"line":32,"column":8},"end":{"line":32,"column":1075}},"2":{"start":{"line":37,"column":8},"end":{"line":37,"column":43}},"3":{"start":{"line":38,"column":8},"end":{"line":38,"column":1271}},"4":{"start":{"line":39,"column":12},"end":{"line":39,"column":30}},"5":{"start":{"line":40,"column":12},"end":{"line":40,"column":29}},"6":{"start":{"line":45,"column":8},"end":{"line":45,"column":1389}},"7":{"start":{"line":46,"column":12},"end":{"line":46,"column":31}},"8":{"start":{"line":57,"column":8},"end":{"line":57,"column":36}},"9":{"start":{"line":58,"column":8},"end":{"line":58,"column":18}},"10":{"start":{"line":62,"column":8},"end":{"line":62,"column":22}}},"branchMap":{"1":{"line":32,"type":"if","locations":[{"start":{"line":32,"column":8},"end":{"line":32,"column":8}},{"start":{"line":32,"column":8},"end":{"line":32,"column":8}}]},"2":{"line":38,"type":"if","locations":[{"start":{"line":38,"column":8},"end":{"line":38,"column":8}},{"start":{"line":38,"column":8},"end":{"line":38,"column":8}}]},"3":{"line":45,"type":"if","locations":[{"start":{"line":45,"column":8},"end":{"line":45,"column":8}},{"start":{"line":45,"column":8},"end":{"line":45,"column":8}}]}}},
"contracts/utils/Decimal.sol":{"l":{"14":8,"18":5,"22":0,"30":0,"38":0,"39":0,"41":0,"43":10,"52":10,"53":10,"54":0,"63":0,"64":0,"65":0,"74":0,"75":0,"76":0,"85":0,"86":0,"87":8,"96":8,"97":8,"98":0,"107":0,"108":0,"109":0},"path":"/home/jim/myworkplace/lemma/lemma_contracts/contracts/utils/Decimal.sol","s":{"1":8,"2":5,"3":0,"4":0,"5":0,"6":0,"7":0,"8":0,"9":10,"10":10,"11":0,"12":0,"13":0,"14":0,"15":0,"16":0,"17":0,"18":0,"19":0,"20":8,"21":8,"22":8,"23":0,"24":0,"25":0,"26":0,"27":0},"b":{"1":[0,0],"2":[0,10]},"f":{"1":8,"2":5,"3":0,"4":0,"5":0,"6":10,"7":0,"8":0,"9":0,"10":8,"11":0},"fnMap":{"1":{"name":"zero","line":13,"loc":{"start":{"line":13,"column":4},"end":{"line":15,"column":4}}},"2":{"name":"one","line":17,"loc":{"start":{"line":17,"column":4},"end":{"line":19,"column":4}}},"3":{"name":"toUint","line":21,"loc":{"start":{"line":21,"column":4},"end":{"line":23,"column":4}}},"4":{"name":"modD","line":25,"loc":{"start":{"line":25,"column":4},"end":{"line":31,"column":4}}},"5":{"name":"cmp","line":33,"loc":{"start":{"line":33,"column":4},"end":{"line":44,"column":4}}},"6":{"name":"addD","line":47,"loc":{"start":{"line":47,"column":4},"end":{"line":55,"column":4}}},"7":{"name":"subD","line":58,"loc":{"start":{"line":58,"column":4},"end":{"line":66,"column":4}}},"8":{"name":"mulD","line":69,"loc":{"start":{"line":69,"column":4},"end":{"line":77,"column":4}}},"9":{"name":"mulScalar","line":80,"loc":{"start":{"line":80,"column":4},"end":{"line":88,"column":4}}},"10":{"name":"divD","line":91,"loc":{"start":{"line":91,"column":4},"end":{"line":99,"column":4}}},"11":{"name":"divScalar","line":102,"loc":{"start":{"line":102,"column":4},"end":{"line":110,"column":4}}}},"statementMap":{"1":{"start":{"line":14,"column":8},"end":{"line":14,"column":25}},"2":{"start":{"line":18,"column":8},"end":{"line":18,"column":44}},"3":{"start":{"line":22,"column":8},"end":{"line":22,"column":18}},"4":{"start":{"line":30,"column":8},"end":{"line":30,"column":60}},"5":{"start":{"line":38,"column":8},"end":{"line":38,"column":847}},"6":{"start":{"line":39,"column":12},"end":{"line":39,"column":20}},"7":{"start":{"line":40,"column":15},"end":{"line":40,"column":901}},"8":{"start":{"line":41,"column":12},"end":{"line":41,"column":21}},"9":{"start":{"line":43,"column":8},"end":{"line":43,"column":16}},"10":{"start":{"line":52,"column":8},"end":{"line":52,"column":24}},"11":{"start":{"line":53,"column":8},"end":{"line":53,"column":24}},"12":{"start":{"line":54,"column":8},"end":{"line":54,"column":16}},"13":{"start":{"line":63,"column":8},"end":{"line":63,"column":24}},"14":{"start":{"line":64,"column":8},"end":{"line":64,"column":24}},"15":{"start":{"line":65,"column":8},"end":{"line":65,"column":16}},"16":{"start":{"line":74,"column":8},"end":{"line":74,"column":24}},"17":{"start":{"line":75,"column":8},"end":{"line":75,"column":26}},"18":{"start":{"line":76,"column":8},"end":{"line":76,"column":16}},"19":{"start":{"line":85,"column":8},"end":{"line":85,"column":24}},"20":{"start":{"line":86,"column":8},"end":{"line":86,"column":20}},"21":{"start":{"line":87,"column":8},"end":{"line":87,"column":16}},"22":{"start":{"line":96,"column":8},"end":{"line":96,"column":24}},"23":{"start":{"line":97,"column":8},"end":{"line":97,"column":26}},"24":{"start":{"line":98,"column":8},"end":{"line":98,"column":16}},"25":{"start":{"line":107,"column":8},"end":{"line":107,"column":24}},"26":{"start":{"line":108,"column":8},"end":{"line":108,"column":22}},"27":{"start":{"line":109,"column":8},"end":{"line":109,"column":16}}},"branchMap":{"1":{"line":38,"type":"if","locations":[{"start":{"line":38,"column":8},"end":{"line":38,"column":8}},{"start":{"line":38,"column":8},"end":{"line":38,"column":8}}]},"2":{"line":40,"type":"if","locations":[{"start":{"line":40,"column":15},"end":{"line":40,"column":15}},{"start":{"line":40,"column":15},"end":{"line":40,"column":15}}]}}},
"contracts/utils/DecimalMath.sol":{"l":{"9":0,"14":0,"19":0,"24":0,"33":8,"38":8,"47":0},"path":"/home/jim/myworkplace/lemma/lemma_contracts/contracts/utils/DecimalMath.sol","s":{"1":0,"2":0,"3":0,"4":0,"5":8,"6":8,"7":0},"b":{},"f":{"1":0,"2":0,"3":0,"4":0,"5":8,"6":8,"7":0},"fnMap":{"1":{"name":"unit","line":8,"loc":{"start":{"line":8,"column":4},"end":{"line":10,"column":4}}},"2":{"name":"addd","line":13,"loc":{"start":{"line":13,"column":4},"end":{"line":15,"column":4}}},"3":{"name":"subd","line":18,"loc":{"start":{"line":18,"column":4},"end":{"line":20,"column":4}}},"4":{"name":"muld","line":23,"loc":{"start":{"line":23,"column":4},"end":{"line":25,"column":4}}},"5":{"name":"muld","line":28,"loc":{"start":{"line":28,"column":4},"end":{"line":34,"column":4}}},"6":{"name":"divd","line":37,"loc":{"start":{"line":37,"column":4},"end":{"line":39,"column":4}}},"7":{"name":"divd","line":42,"loc":{"start":{"line":42,"column":4},"end":{"line":48,"column":4}}}},"statementMap":{"1":{"start":{"line":9,"column":8},"end":{"line":9,"column":36}},"2":{"start":{"line":14,"column":8},"end":{"line":14,"column":20}},"3":{"start":{"line":19,"column":8},"end":{"line":19,"column":20}},"4":{"start":{"line":24,"column":8},"end":{"line":24,"column":29}},"5":{"start":{"line":33,"column":8},"end":{"line":33,"column":43}},"6":{"start":{"line":38,"column":8},"end":{"line":38,"column":29}},"7":{"start":{"line":47,"column":8},"end":{"line":47,"column":43}}},"branchMap":{}},
"contracts/utils/SignedDecimal.sol":{"l":{"14":0,"18":0,"22":0,"23":0,"25":0,"33":0,"34":0,"35":0,"37":0,"39":0,"48":0,"49":0,"50":0,"59":0,"60":0,"61":0,"70":0,"71":0,"72":0,"81":0,"82":0,"83":0,"92":0,"93":0,"94":0,"103":0,"104":0,"105":0},"path":"/home/jim/myworkplace/lemma/lemma_contracts/contracts/utils/SignedDecimal.sol","s":{"1":0,"2":0,"3":0,"4":0,"5":0,"6":0,"7":0,"8":0,"9":0,"10":0,"11":0,"12":0,"13":0,"14":0,"15":0,"16":0,"17":0,"18":0,"19":0,"20":0,"21":0,"22":0,"23":0,"24":0,"25":0,"26":0,"27":0,"28":0},"b":{"1":[0,0],"2":[0,0]},"f":{"1":0,"2":0,"3":0,"4":0,"5":0,"6":0,"7":0,"8":0,"9":0,"10":0},"fnMap":{"1":{"name":"zero","line":13,"loc":{"start":{"line":13,"column":4},"end":{"line":15,"column":4}}},"2":{"name":"toInt","line":17,"loc":{"start":{"line":17,"column":4},"end":{"line":19,"column":4}}},"3":{"name":"isNegative","line":21,"loc":{"start":{"line":21,"column":4},"end":{"line":26,"column":4}}},"4":{"name":"abs","line":28,"loc":{"start":{"line":28,"column":4},"end":{"line":40,"column":4}}},"5":{"name":"addD","line":43,"loc":{"start":{"line":43,"column":4},"end":{"line":51,"column":4}}},"6":{"name":"subD","line":54,"loc":{"start":{"line":54,"column":4},"end":{"line":62,"column":4}}},"7":{"name":"mulD","line":65,"loc":{"start":{"line":65,"column":4},"end":{"line":73,"column":4}}},"8":{"name":"mulScalar","line":76,"loc":{"start":{"line":76,"column":4},"end":{"line":84,"column":4}}},"9":{"name":"divD","line":87,"loc":{"start":{"line":87,"column":4},"end":{"line":95,"column":4}}},"10":{"name":"divScalar","line":98,"loc":{"start":{"line":98,"column":4},"end":{"line":106,"column":4}}}},"statementMap":{"1":{"start":{"line":14,"column":8},"end":{"line":14,"column":31}},"2":{"start":{"line":18,"column":8},"end":{"line":18,"column":18}},"3":{"start":{"line":22,"column":8},"end":{"line":22,"column":591}},"4":{"start":{"line":23,"column":12},"end":{"line":23,"column":23}},"5":{"start":{"line":25,"column":8},"end":{"line":25,"column":20}},"6":{"start":{"line":33,"column":8},"end":{"line":33,"column":32}},"7":{"start":{"line":34,"column":8},"end":{"line":34,"column":830}},"8":{"start":{"line":35,"column":12},"end":{"line":35,"column":33}},"9":{"start":{"line":37,"column":12},"end":{"line":37,"column":29}},"10":{"start":{"line":39,"column":8},"end":{"line":39,"column":16}},"11":{"start":{"line":48,"column":8},"end":{"line":48,"column":30}},"12":{"start":{"line":49,"column":8},"end":{"line":49,"column":24}},"13":{"start":{"line":50,"column":8},"end":{"line":50,"column":16}},"14":{"start":{"line":59,"column":8},"end":{"line":59,"column":30}},"15":{"start":{"line":60,"column":8},"end":{"line":60,"column":24}},"16":{"start":{"line":61,"column":8},"end":{"line":61,"column":16}},"17":{"start":{"line":70,"column":8},"end":{"line":70,"column":30}},"18":{"start":{"line":71,"column":8},"end":{"line":71,"column":26}},"19":{"start":{"line":72,"column":8},"end":{"line":72,"column":16}},"20":{"start":{"line":81,"column":8},"end":{"line":81,"column":30}},"21":{"start":{"line":82,"column":8},"end":{"line":82,"column":20}},"22":{"start":{"line":83,"column":8},"end":{"line":83,"column":16}},"23":{"start":{"line":92,"column":8},"end":{"line":92,"column":30}},"24":{"start":{"line":93,"column":8},"end":{"line":93,"column":26}},"25":{"start":{"line":94,"column":8},"end":{"line":94,"column":16}},"26":{"start":{"line":103,"column":8},"end":{"line":103,"column":30}},"27":{"start":{"line":104,"column":8},"end":{"line":104,"column":22}},"28":{"start":{"line":105,"column":8},"end":{"line":105,"column":16}}},"branchMap":{"1":{"line":22,"type":"if","locations":[{"start":{"line":22,"column":8},"end":{"line":22,"column":8}},{"start":{"line":22,"column":8},"end":{"line":22,"column":8}}]},"2":{"line":34,"type":"if","locations":[{"start":{"line":34,"column":8},"end":{"line":34,"column":8}},{"start":{"line":34,"column":8},"end":{"line":34,"column":8}}]}}},
"contracts/utils/SignedDecimalMath.sol":{"l":{"8":0,"13":0,"18":0,"23":0,"32":0,"37":0,"46":0},"path":"/home/jim/myworkplace/lemma/lemma_contracts/contracts/utils/SignedDecimalMath.sol","s":{"1":0,"2":0,"3":0,"4":0,"5":0,"6":0,"7":0},"b":{},"f":{"1":0,"2":0,"3":0,"4":0,"5":0,"6":0,"7":0},"fnMap":{"1":{"name":"unit","line":7,"loc":{"start":{"line":7,"column":4},"end":{"line":9,"column":4}}},"2":{"name":"addd","line":12,"loc":{"start":{"line":12,"column":4},"end":{"line":14,"column":4}}},"3":{"name":"subd","line":17,"loc":{"start":{"line":17,"column":4},"end":{"line":19,"column":4}}},"4":{"name":"muld","line":22,"loc":{"start":{"line":22,"column":4},"end":{"line":24,"column":4}}},"5":{"name":"muld","line":27,"loc":{"start":{"line":27,"column":4},"end":{"line":33,"column":4}}},"6":{"name":"divd","line":36,"loc":{"start":{"line":36,"column":4},"end":{"line":38,"column":4}}},"7":{"name":"divd","line":41,"loc":{"start":{"line":41,"column":4},"end":{"line":47,"column":4}}}},"statementMap":{"1":{"start":{"line":8,"column":8},"end":{"line":8,"column":44}},"2":{"start":{"line":13,"column":8},"end":{"line":13,"column":20}},"3":{"start":{"line":18,"column":8},"end":{"line":18,"column":20}},"4":{"start":{"line":23,"column":8},"end":{"line":23,"column":29}},"5":{"start":{"line":32,"column":8},"end":{"line":32,"column":41}},"6":{"start":{"line":37,"column":8},"end":{"line":37,"column":29}},"7":{"start":{"line":46,"column":8},"end":{"line":46,"column":43}}},"branchMap":{}},
"contracts/wrappers/LemmaPerpetual.sol":{"l":{"41":4,"42":3,"69":3,"70":3,"71":3,"72":3,"73":3,"74":1,"81":2,"93":2,"96":2,"109":2,"111":2,"117":2,"139":2,"141":2,"153":2,"155":2,"165":0,"166":2,"169":2,"177":2,"184":2,"189":2,"191":2,"193":4,"205":5,"229":0,"239":5,"244":0,"258":2,"273":2,"275":0},"path":"/home/jim/myworkplace/lemma/lemma_contracts/contracts/wrappers/LemmaPerpetual.sol","s":{"1":3,"2":3,"3":3,"4":3,"5":3,"6":1,"7":1,"8":2,"9":2,"10":2,"11":2,"12":2,"13":2,"14":2,"15":2,"16":2,"17":0,"18":0,"19":2,"20":2,"21":2,"22":2,"23":2,"24":4,"25":4,"26":5,"27":0,"28":5,"29":0,"30":2,"31":0,"32":0},"b":{"1":[3,1],"2":[2,2]},"f":{"1":4,"2":3,"3":2,"4":2,"5":2,"6":5,"7":0,"8":5,"9":0,"10":2,"11":2},"fnMap":{"1":{"name":"onlyLemmaToken","line":40,"loc":{"start":{"line":40,"column":4},"end":{"line":43,"column":4}}},"2":{"name":"initialize","line":68,"loc":{"start":{"line":63,"column":4},"end":{"line":75,"column":4}}},"3":{"name":"setLemmaToken","line":80,"loc":{"start":{"line":80,"column":4},"end":{"line":82,"column":4}}},"4":{"name":"open","line":89,"loc":{"start":{"line":89,"column":4},"end":{"line":124,"column":4}}},"5":{"name":"close","line":134,"loc":{"start":{"line":131,"column":4},"end":{"line":195,"column":4}}},"6":{"name":"convertCollteralAmountTo18Decimals","line":200,"loc":{"start":{"line":200,"column":4},"end":{"line":211,"column":4}}},"7":{"name":"convert18DecimalsToCollateralAmount","line":215,"loc":{"start":{"line":215,"column":4},"end":{"line":232,"column":4}}},"8":{"name":"convertUint256ToDecimal","line":234,"loc":{"start":{"line":234,"column":4},"end":{"line":240,"column":4}}},"9":{"name":"getTotalCollateral","line":243,"loc":{"start":{"line":243,"column":4},"end":{"line":254,"column":4}}},"10":{"name":"fees","line":256,"loc":{"start":{"line":256,"column":4},"end":{"line":266,"column":4}}},"11":{"name":"calcFee","line":268,"loc":{"start":{"line":268,"column":4},"end":{"line":276,"column":4}}}},"statementMap":{"1":{"start":{"line":41,"column":8},"end":{"line":41,"column":75}},"2":{"start":{"line":69,"column":8},"end":{"line":69,"column":23}},"3":{"start":{"line":70,"column":8},"end":{"line":70,"column":37}},"4":{"start":{"line":71,"column":8},"end":{"line":71,"column":49}},"5":{"start":{"line":72,"column":8},"end":{"line":72,"column":35}},"6":{"start":{"line":73,"column":8},"end":{"line":73,"column":19}},"7":{"start":{"line":74,"column":8},"end":{"line":74,"column":68}},"8":{"start":{"line":81,"column":8},"end":{"line":81,"column":31}},"9":{"start":{"line":93,"column":8},"end":{"line":93,"column":3743}},"10":{"start":{"line":96,"column":8},"end":{"line":96,"column":3799}},"11":{"start":{"line":109,"column":8},"end":{"line":109,"column":55}},"12":{"start":{"line":111,"column":8},"end":{"line":111,"column":63}},"13":{"start":{"line":117,"column":8},"end":{"line":117,"column":4560}},"14":{"start":{"line":139,"column":8},"end":{"line":139,"column":5360}},"15":{"start":{"line":141,"column":8},"end":{"line":141,"column":5415}},"16":{"start":{"line":153,"column":8},"end":{"line":153,"column":55}},"17":{"start":{"line":155,"column":8},"end":{"line":155,"column":63}},"18":{"start":{"line":165,"column":8},"end":{"line":165,"column":6413}},"19":{"start":{"line":166,"column":12},"end":{"line":166,"column":68}},"20":{"start":{"line":169,"column":12},"end":{"line":169,"column":6602}},"21":{"start":{"line":177,"column":12},"end":{"line":177,"column":6887}},"22":{"start":{"line":184,"column":12},"end":{"line":184,"column":64}},"23":{"start":{"line":189,"column":8},"end":{"line":189,"column":59}},"24":{"start":{"line":191,"column":8},"end":{"line":191,"column":49}},"25":{"start":{"line":193,"column":8},"end":{"line":193,"column":26}},"26":{"start":{"line":205,"column":8},"end":{"line":205,"column":7945}},"27":{"start":{"line":229,"column":8},"end":{"line":229,"column":8916}},"28":{"start":{"line":239,"column":8},"end":{"line":239,"column":34}},"29":{"start":{"line":244,"column":8},"end":{"line":244,"column":9280}},"30":{"start":{"line":258,"column":8},"end":{"line":258,"column":9720}},"31":{"start":{"line":273,"column":8},"end":{"line":273,"column":10172}},"32":{"start":{"line":275,"column":8},"end":{"line":275,"column":32}}},"branchMap":{"1":{"line":41,"type":"if","locations":[{"start":{"line":41,"column":8},"end":{"line":41,"column":8}},{"start":{"line":41,"column":8},"end":{"line":41,"column":8}}]},"2":{"line":165,"type":"if","locations":[{"start":{"line":165,"column":8},"end":{"line":165,"column":8}},{"start":{"line":165,"column":8},"end":{"line":165,"column":8}}]}}}}
