TN:
SF:/home/jim/myworkplace/lemma/lemma_contracts/contracts/interfaces/AMB/IAMB.sol
FNF:0
FNH:0
LF:0
LH:0
BRF:0
BRH:0
end_of_record
TN:
SF:/home/jim/myworkplace/lemma/lemma_contracts/contracts/interfaces/AMB/IMultiTokenMediator.sol
FNF:0
FNH:0
LF:0
LH:0
BRF:0
BRH:0
end_of_record
TN:
SF:/home/jim/myworkplace/lemma/lemma_contracts/contracts/interfaces/IAmm.sol
FNF:0
FNH:0
LF:0
LH:0
BRF:0
BRH:0
end_of_record
TN:
SF:/home/jim/myworkplace/lemma/lemma_contracts/contracts/interfaces/IClearingHouse.sol
FNF:0
FNH:0
LF:0
LH:0
BRF:0
BRH:0
end_of_record
TN:
SF:/home/jim/myworkplace/lemma/lemma_contracts/contracts/interfaces/IClearingHouseViewer.sol
FNF:0
FNH:0
LF:0
LH:0
BRF:0
BRH:0
end_of_record
TN:
SF:/home/jim/myworkplace/lemma/lemma_contracts/contracts/interfaces/IDEX.sol
FNF:0
FNH:0
LF:0
LH:0
BRF:0
BRH:0
end_of_record
TN:
SF:/home/jim/myworkplace/lemma/lemma_contracts/contracts/interfaces/IERC20WithDecimalsMethod.sol
FNF:0
FNH:0
LF:0
LH:0
BRF:0
BRH:0
end_of_record
TN:
SF:/home/jim/myworkplace/lemma/lemma_contracts/contracts/interfaces/IERC677Receiver.sol
FNF:0
FNH:0
LF:0
LH:0
BRF:0
BRH:0
end_of_record
TN:
SF:/home/jim/myworkplace/lemma/lemma_contracts/contracts/interfaces/IPerpetualProtocol.sol
FNF:0
FNH:0
LF:0
LH:0
BRF:0
BRH:0
end_of_record
TN:
SF:/home/jim/myworkplace/lemma/lemma_contracts/contracts/LemmaMainnet.sol
FN:74,initialize
FN:86,_msgSender
FN:97,_msgData
FN:110,setGasLimit
FN:117,deposit
FN:144,setWithdrawalInfo
FN:157,withdraw
FN:177,multiTokenTransfer
FN:190,callBridge
FNF:9
FNH:0
FNDA:0,initialize
FNDA:0,_msgSender
FNDA:0,_msgData
FNDA:0,setGasLimit
FNDA:0,deposit
FNDA:0,setWithdrawalInfo
FNDA:0,withdraw
FNDA:0,multiTokenTransfer
FNDA:0,callBridge
DA:75,0
DA:76,0
DA:77,0
DA:78,0
DA:79,0
DA:80,0
DA:81,0
DA:82,0
DA:83,0
DA:94,0
DA:105,0
DA:111,0
DA:118,0
DA:119,0
DA:120,0
DA:122,0
DA:130,0
DA:133,0
DA:134,0
DA:136,0
DA:137,0
DA:145,0
DA:146,0
DA:147,0
DA:148,0
DA:149,0
DA:150,0
DA:158,0
DA:159,0
DA:160,0
DA:161,0
DA:162,0
DA:164,0
DA:165,0
DA:173,0
DA:182,0
DA:184,0
DA:185,0
DA:197,0
LF:39
LH:0
BRDA:145,1,0,0
BRDA:145,1,1,0
BRDA:146,2,0,0
BRDA:146,2,1,0
BRDA:149,3,0,0
BRDA:149,3,1,0
BRDA:182,4,0,0
BRDA:182,4,1,0
BRF:8
BRH:0
end_of_record
TN:
SF:/home/jim/myworkplace/lemma/lemma_contracts/contracts/LemmaxDAI.sol
FN:76,initialize
FN:89,_msgSender
FN:100,_msgData
FN:114,setLemmaMainnet
FN:120,setGasLimit
FN:128,setDepositInfo
FN:141,mint
FN:169,withdraw
FN:200,onTokenTransfer
FN:213,multiTokenTransfer
FN:225,callBridge
FNF:11
FNH:10
FNDA:3,initialize
FNDA:16,_msgSender
FNDA:0,_msgData
FNDA:3,setLemmaMainnet
FNDA:1,setGasLimit
FNDA:5,setDepositInfo
FNDA:2,mint
FNDA:2,withdraw
FNDA:5,onTokenTransfer
FNDA:2,multiTokenTransfer
FNDA:1,callBridge
DA:78,3
DA:79,3
DA:80,3
DA:81,3
DA:82,3
DA:83,3
DA:84,3
DA:86,3
DA:97,16
DA:108,0
DA:115,3
DA:121,1
DA:129,5
DA:130,4
DA:131,3
DA:132,3
DA:134,3
DA:135,2
DA:142,2
DA:143,2
DA:146,2
DA:147,2
DA:148,1
DA:153,1
DA:156,2
DA:158,2
DA:160,2
DA:162,2
DA:170,2
DA:172,2
DA:174,2
DA:180,2
DA:187,1
DA:188,1
DA:194,1
DA:196,1
DA:218,2
DA:220,1
DA:221,1
DA:232,1
LF:40
LH:39
BRDA:129,1,0,4
BRDA:129,1,1,1
BRDA:130,2,0,3
BRDA:130,2,1,1
BRDA:134,3,0,2
BRDA:134,3,1,1
BRDA:147,4,0,1
BRDA:147,4,1,1
BRDA:218,5,0,1
BRDA:218,5,1,1
BRF:10
BRH:10
end_of_record
TN:
SF:/home/jim/myworkplace/lemma/lemma_contracts/contracts/mocks/MockAMB.sol
FN:18,initialize
FN:22,setMainnetContract
FN:26,setXDAIContract
FN:30,messageSender
FN:42,setWithdrawInfo
FN:46,setDepositInfo
FN:50,requireToPassMessage
FNF:7
FNH:6
FNDA:3,initialize
FNDA:1,setMainnetContract
FNDA:1,setXDAIContract
FNDA:4,messageSender
FNDA:0,setWithdrawInfo
FNDA:4,setDepositInfo
FNDA:1,requireToPassMessage
DA:19,3
DA:23,1
DA:27,1
DA:31,4
DA:32,4
DA:35,4
DA:36,0
DA:38,4
DA:43,0
DA:47,4
DA:55,1
DA:56,1
LF:12
LH:10
BRDA:35,1,0,0
BRDA:35,1,1,4
BRF:2
BRH:1
end_of_record
TN:
SF:/home/jim/myworkplace/lemma/lemma_contracts/contracts/mocks/MockLemmaPerpetualV2.sol
FN:37,onlyLemmaToken
FN:61,initialize
FN:71,setLemmaToken
FN:77,open
FN:105,close
FN:163,convertCollteralAmountTo18Decimals
FN:175,convert18DecimalsToCollateralAmount
FN:188,convertUint256ToDecimal
FN:196,getTotalCollateral
FN:209,fees
FN:221,calcFee
FNF:11
FNH:0
FNDA:0,onlyLemmaToken
FNDA:0,initialize
FNDA:0,setLemmaToken
FNDA:0,open
FNDA:0,close
FNDA:0,convertCollteralAmountTo18Decimals
FNDA:0,convert18DecimalsToCollateralAmount
FNDA:0,convertUint256ToDecimal
FNDA:0,getTotalCollateral
FNDA:0,fees
FNDA:0,calcFee
DA:38,0
DA:39,0
DA:62,0
DA:63,0
DA:64,0
DA:65,0
DA:66,0
DA:67,0
DA:68,0
DA:72,0
DA:80,0
DA:83,0
DA:85,0
DA:91,0
DA:108,0
DA:111,0
DA:124,0
DA:126,0
DA:139,0
DA:143,0
DA:151,0
DA:156,0
DA:158,0
DA:160,0
DA:167,0
DA:180,0
DA:193,0
DA:197,0
DA:211,0
DA:226,0
DA:228,0
LF:31
LH:0
BRDA:38,1,0,0
BRDA:38,1,1,0
BRF:2
BRH:0
end_of_record
TN:
SF:/home/jim/myworkplace/lemma/lemma_contracts/contracts/upgrade/Initializable.sol
FN:31,initializer
FN:51,isConstructor
FNF:2
FNH:0
FNDA:0,initializer
FNDA:0,isConstructor
DA:32,0
DA:37,0
DA:38,0
DA:39,0
DA:40,0
DA:43,0
DA:45,0
DA:46,0
DA:57,0
DA:58,0
DA:59,0
DA:62,0
LF:12
LH:0
BRDA:32,1,0,0
BRDA:32,1,1,0
BRDA:38,2,0,0
BRDA:38,2,1,0
BRDA:45,3,0,0
BRDA:45,3,1,0
BRF:6
BRH:0
end_of_record
TN:
SF:/home/jim/myworkplace/lemma/lemma_contracts/contracts/utils/Decimal.sol
FN:13,zero
FN:17,one
FN:21,toUint
FN:25,modD
FN:33,cmp
FN:47,addD
FN:58,subD
FN:69,mulD
FN:80,mulScalar
FN:91,divD
FN:102,divScalar
FNF:11
FNH:4
FNDA:8,zero
FNDA:5,one
FNDA:0,toUint
FNDA:0,modD
FNDA:0,cmp
FNDA:10,addD
FNDA:0,subD
FNDA:0,mulD
FNDA:0,mulScalar
FNDA:8,divD
FNDA:0,divScalar
DA:14,8
DA:18,5
DA:22,0
DA:30,0
DA:38,0
DA:39,0
DA:41,0
DA:43,10
DA:52,10
DA:53,10
DA:54,0
DA:63,0
DA:64,0
DA:65,0
DA:74,0
DA:75,0
DA:76,0
DA:85,0
DA:86,0
DA:87,8
DA:96,8
DA:97,8
DA:98,0
DA:107,0
DA:108,0
DA:109,0
LF:26
LH:8
BRDA:38,1,0,0
BRDA:38,1,1,0
BRDA:40,2,0,0
BRDA:40,2,1,10
BRF:4
BRH:1
end_of_record
TN:
SF:/home/jim/myworkplace/lemma/lemma_contracts/contracts/utils/DecimalMath.sol
FN:8,unit
FN:13,addd
FN:18,subd
FN:23,muld
FN:28,muld
FN:37,divd
FN:42,divd
FNF:7
FNH:2
FNDA:0,unit
FNDA:0,addd
FNDA:0,subd
FNDA:0,muld
FNDA:8,muld
FNDA:8,divd
FNDA:0,divd
DA:9,0
DA:14,0
DA:19,0
DA:24,0
DA:33,8
DA:38,8
DA:47,0
LF:7
LH:2
BRF:0
BRH:0
end_of_record
TN:
SF:/home/jim/myworkplace/lemma/lemma_contracts/contracts/utils/SignedDecimal.sol
FN:13,zero
FN:17,toInt
FN:21,isNegative
FN:28,abs
FN:43,addD
FN:54,subD
FN:65,mulD
FN:76,mulScalar
FN:87,divD
FN:98,divScalar
FNF:10
FNH:0
FNDA:0,zero
FNDA:0,toInt
FNDA:0,isNegative
FNDA:0,abs
FNDA:0,addD
FNDA:0,subD
FNDA:0,mulD
FNDA:0,mulScalar
FNDA:0,divD
FNDA:0,divScalar
DA:14,0
DA:18,0
DA:22,0
DA:23,0
DA:25,0
DA:33,0
DA:34,0
DA:35,0
DA:37,0
DA:39,0
DA:48,0
DA:49,0
DA:50,0
DA:59,0
DA:60,0
DA:61,0
DA:70,0
DA:71,0
DA:72,0
DA:81,0
DA:82,0
DA:83,0
DA:92,0
DA:93,0
DA:94,0
DA:103,0
DA:104,0
DA:105,0
LF:28
LH:0
BRDA:22,1,0,0
BRDA:22,1,1,0
BRDA:34,2,0,0
BRDA:34,2,1,0
BRF:4
BRH:0
end_of_record
TN:
SF:/home/jim/myworkplace/lemma/lemma_contracts/contracts/utils/SignedDecimalMath.sol
FN:7,unit
FN:12,addd
FN:17,subd
FN:22,muld
FN:27,muld
FN:36,divd
FN:41,divd
FNF:7
FNH:0
FNDA:0,unit
FNDA:0,addd
FNDA:0,subd
FNDA:0,muld
FNDA:0,muld
FNDA:0,divd
FNDA:0,divd
DA:8,0
DA:13,0
DA:18,0
DA:23,0
DA:32,0
DA:37,0
DA:46,0
LF:7
LH:0
BRF:0
BRH:0
end_of_record
TN:
SF:/home/jim/myworkplace/lemma/lemma_contracts/contracts/wrappers/LemmaPerpetual.sol
FN:40,onlyLemmaToken
FN:68,initialize
FN:80,setLemmaToken
FN:89,open
FN:134,close
FN:200,convertCollteralAmountTo18Decimals
FN:215,convert18DecimalsToCollateralAmount
FN:234,convertUint256ToDecimal
FN:243,getTotalCollateral
FN:256,fees
FN:268,calcFee
FNF:11
FNH:9
FNDA:4,onlyLemmaToken
FNDA:3,initialize
FNDA:2,setLemmaToken
FNDA:2,open
FNDA:2,close
FNDA:5,convertCollteralAmountTo18Decimals
FNDA:0,convert18DecimalsToCollateralAmount
FNDA:5,convertUint256ToDecimal
FNDA:0,getTotalCollateral
FNDA:2,fees
FNDA:2,calcFee
DA:41,4
DA:42,3
DA:69,3
DA:70,3
DA:71,3
DA:72,3
DA:73,3
DA:74,1
DA:81,2
DA:93,2
DA:96,2
DA:109,2
DA:111,2
DA:117,2
DA:139,2
DA:141,2
DA:153,2
DA:155,2
DA:165,0
DA:166,2
DA:169,2
DA:177,2
DA:184,2
DA:189,2
DA:191,2
DA:193,4
DA:205,5
DA:229,0
DA:239,5
DA:244,0
DA:258,2
DA:273,2
DA:275,0
LF:33
LH:29
BRDA:41,1,0,3
BRDA:41,1,1,1
BRDA:165,2,0,2
BRDA:165,2,1,2
BRF:4
BRH:4
end_of_record
